The target system is: Generic -  - seL4CPU
The host system is: Linux - 5.3.0-51-generic - x86_64
Compiling the C compiler identification source file "CMakeCCompilerId.c" succeeded.
Compiler: /usr/bin/gcc 
Build flags: 
Id flags:  

The output was:
0


Compilation of the C compiler identification source "CMakeCCompilerId.c" produced "a.out"

The C compiler identification is GNU, found in "/home/jonathon/hello/build/CMakeFiles/3.16.1/CompilerIdC/a.out"

Determining if the C compiler works passed with the following output:
Change Dir: /home/jonathon/hello/build/CMakeFiles/CMakeTmp

Run Build Command(s):/usr/bin/ninja cmTC_fab58 && [1/2] Building C object CMakeFiles/cmTC_fab58.dir/testCCompiler.c.obj
[2/2] Linking C static library libcmTC_fab58.a



Detecting C compiler ABI info compiled with the following output:
Change Dir: /home/jonathon/hello/build/CMakeFiles/CMakeTmp

Run Build Command(s):/usr/bin/ninja cmTC_11600 && [1/2] Building C object CMakeFiles/cmTC_11600.dir/CMakeCCompilerABI.c.obj
Using built-in specs.
COLLECT_GCC=/usr/bin/gcc
OFFLOAD_TARGET_NAMES=nvptx-none:hsa
OFFLOAD_TARGET_DEFAULT=1
Target: x86_64-linux-gnu
Configured with: ../src/configure -v --with-pkgversion='Ubuntu 9.2.1-9ubuntu2' --with-bugurl=file:///usr/share/doc/gcc-9/README.Bugs --enable-languages=c,ada,c++,go,brig,d,fortran,objc,obj-c++,gm2 --prefix=/usr --with-gcc-major-version-only --program-suffix=-9 --program-prefix=x86_64-linux-gnu- --enable-shared --enable-linker-build-id --libexecdir=/usr/lib --without-included-gettext --enable-threads=posix --libdir=/usr/lib --enable-nls --enable-bootstrap --enable-clocale=gnu --enable-libstdcxx-debug --enable-libstdcxx-time=yes --with-default-libstdcxx-abi=new --enable-gnu-unique-object --disable-vtable-verify --enable-plugin --enable-default-pie --with-system-zlib --with-target-system-zlib=auto --enable-multiarch --disable-werror --with-arch-32=i686 --with-abi=m64 --with-multilib-list=m32,m64,mx32 --enable-multilib --with-tune=generic --enable-offload-targets=nvptx-none,hsa --without-cuda-driver --enable-checking=release --build=x86_64-linux-gnu --host=x86_64-linux-gnu --target=x86_64-linux-gnu
Thread model: posix
gcc version 9.2.1 20191008 (Ubuntu 9.2.1-9ubuntu2) 
COLLECT_GCC_OPTIONS='-v' '-c' '-o' 'CMakeFiles/cmTC_6b8c8.dir/CMakeCCompilerABI.c.obj' '-mtune=generic' '-march=x86-64'
 /usr/lib/gcc/x86_64-linux-gnu/9/cc1 -quiet -v -imultiarch x86_64-linux-gnu -isysroot /home/jonathon/hello/build/CMakeFiles/CMakeTmp /usr/local/share/cmake-3.16/Modules/CMakeCCompilerABI.c -quiet -dumpbase CMakeCCompilerABI.c -mtune=generic -march=x86-64 -auxbase-strip CMakeFiles/cmTC_6b8c8.dir/CMakeCCompilerABI.c.obj -version -fasynchronous-unwind-tables -fstack-protector-strong -Wformat -Wformat-security -fstack-clash-protection -fcf-protection -o /tmp/ccw668BI.s
GNU C17 (Ubuntu 9.2.1-9ubuntu2) version 9.2.1 20191008 (x86_64-linux-gnu)
	compiled by GNU C version 9.2.1 20191008, GMP version 6.1.2, MPFR version 4.0.2, MPC version 1.1.0, isl version isl-0.21-GMP

GGC heuristics: --param ggc-min-expand=100 --param ggc-min-heapsize=131072
ignoring nonexistent directory "/home/jonathon/hello/build/CMakeFiles/CMakeTmp/usr/local/include/x86_64-linux-gnu"
ignoring nonexistent directory "/home/jonathon/hello/build/CMakeFiles/CMakeTmp/usr/local/include"
ignoring nonexistent directory "/usr/lib/gcc/x86_64-linux-gnu/9/../../../../x86_64-linux-gnu/include"
ignoring nonexistent directory "/home/jonathon/hello/build/CMakeFiles/CMakeTmp/usr/include/x86_64-linux-gnu"
ignoring nonexistent directory "/home/jonathon/hello/build/CMakeFiles/CMakeTmp/usr/include"
#include "..." search starts here:
#include <...> search starts here:
 /usr/lib/gcc/x86_64-linux-gnu/9/include
 /usr/lib/gcc/x86_64-linux-gnu/9/include-fixed
End of search list.
GNU C17 (Ubuntu 9.2.1-9ubuntu2) version 9.2.1 20191008 (x86_64-linux-gnu)
	compiled by GNU C version 9.2.1 20191008, GMP version 6.1.2, MPFR version 4.0.2, MPC version 1.1.0, isl version isl-0.21-GMP

GGC heuristics: --param ggc-min-expand=100 --param ggc-min-heapsize=131072
Compiler executable checksum: dd54e5384b34908287640134d9f8a49c
COLLECT_GCC_OPTIONS='-v' '-c' '-o' 'CMakeFiles/cmTC_6b8c8.dir/CMakeCCompilerABI.c.obj' '-mtune=generic' '-march=x86-64'
 as -v --64 -o CMakeFiles/cmTC_6b8c8.dir/CMakeCCompilerABI.c.obj /tmp/ccw668BI.s
GNU assembler version 2.33 (x86_64-linux-gnu) using BFD version (GNU Binutils for Ubuntu) 2.33
COMPILER_PATH=/usr/lib/gcc/x86_64-linux-gnu/9/:/usr/lib/gcc/x86_64-linux-gnu/9/:/usr/lib/gcc/x86_64-linux-gnu/:/usr/lib/gcc/x86_64-linux-gnu/9/:/usr/lib/gcc/x86_64-linux-gnu/
LIBRARY_PATH=/usr/lib/gcc/x86_64-linux-gnu/9/:/usr/lib/gcc/x86_64-linux-gnu/9/../../../x86_64-linux-gnu/:/usr/lib/gcc/x86_64-linux-gnu/9/../../../../lib/:/usr/lib/gcc/x86_64-linux-gnu/9/../../../
COLLECT_GCC_OPTIONS='-v' '-c' '-o' 'CMakeFiles/cmTC_6b8c8.dir/CMakeCCompilerABI.c.obj' '-mtune=generic' '-march=x86-64'
[2/2] Linking C static library libcmTC_11600.a



Parsed C implicit include dir info from above output: rv=done
  found start of include info
  found start of implicit include info
    add: [/usr/lib/gcc/x86_64-linux-gnu/9/include]
    add: [/usr/lib/gcc/x86_64-linux-gnu/9/include-fixed]
  end of search list found
  collapse include dir [/usr/lib/gcc/x86_64-linux-gnu/9/include] ==> [/usr/lib/gcc/x86_64-linux-gnu/9/include]
  collapse include dir [/usr/lib/gcc/x86_64-linux-gnu/9/include-fixed] ==> [/usr/lib/gcc/x86_64-linux-gnu/9/include-fixed]
  implicit include dirs: [/usr/lib/gcc/x86_64-linux-gnu/9/include;/usr/lib/gcc/x86_64-linux-gnu/9/include-fixed]


Parsed C implicit link information from above output:
  link line regex: [^( *|.*[/\])(ld|CMAKE_LINK_STARTFILE-NOTFOUND|([^/\]+-)?ld|collect2)[^/\]*( |$)]
  ignore line: [Change Dir: /home/jonathon/hello/build/CMakeFiles/CMakeTmp]
  ignore line: []
  ignore line: [Run Build Command(s):/usr/bin/ninja cmTC_11600 && [1/2] Building C object CMakeFiles/cmTC_11600.dir/CMakeCCompilerABI.c.obj]
  ignore line: [Using built-in specs.]
  ignore line: [COLLECT_GCC=/usr/bin/gcc]
  ignore line: [OFFLOAD_TARGET_NAMES=nvptx-none:hsa]
  ignore line: [OFFLOAD_TARGET_DEFAULT=1]
  ignore line: [Target: x86_64-linux-gnu]
  ignore line: [Configured with: ../src/configure -v --with-pkgversion='Ubuntu 9.2.1-9ubuntu2' --with-bugurl=file:///usr/share/doc/gcc-9/README.Bugs --enable-languages=c ada c++ go brig d fortran objc obj-c++ gm2 --prefix=/usr --with-gcc-major-version-only --program-suffix=-9 --program-prefix=x86_64-linux-gnu- --enable-shared --enable-linker-build-id --libexecdir=/usr/lib --without-included-gettext --enable-threads=posix --libdir=/usr/lib --enable-nls --enable-bootstrap --enable-clocale=gnu --enable-libstdcxx-debug --enable-libstdcxx-time=yes --with-default-libstdcxx-abi=new --enable-gnu-unique-object --disable-vtable-verify --enable-plugin --enable-default-pie --with-system-zlib --with-target-system-zlib=auto --enable-multiarch --disable-werror --with-arch-32=i686 --with-abi=m64 --with-multilib-list=m32 m64 mx32 --enable-multilib --with-tune=generic --enable-offload-targets=nvptx-none hsa --without-cuda-driver --enable-checking=release --build=x86_64-linux-gnu --host=x86_64-linux-gnu --target=x86_64-linux-gnu]
  ignore line: [Thread model: posix]
  ignore line: [gcc version 9.2.1 20191008 (Ubuntu 9.2.1-9ubuntu2) ]
  ignore line: [COLLECT_GCC_OPTIONS='-v' '-c' '-o' 'CMakeFiles/cmTC_6b8c8.dir/CMakeCCompilerABI.c.obj' '-mtune=generic' '-march=x86-64']
  ignore line: [ /usr/lib/gcc/x86_64-linux-gnu/9/cc1 -quiet -v -imultiarch x86_64-linux-gnu -isysroot /home/jonathon/hello/build/CMakeFiles/CMakeTmp /usr/local/share/cmake-3.16/Modules/CMakeCCompilerABI.c -quiet -dumpbase CMakeCCompilerABI.c -mtune=generic -march=x86-64 -auxbase-strip CMakeFiles/cmTC_6b8c8.dir/CMakeCCompilerABI.c.obj -version -fasynchronous-unwind-tables -fstack-protector-strong -Wformat -Wformat-security -fstack-clash-protection -fcf-protection -o /tmp/ccw668BI.s]
  ignore line: [GNU C17 (Ubuntu 9.2.1-9ubuntu2) version 9.2.1 20191008 (x86_64-linux-gnu)]
  ignore line: [	compiled by GNU C version 9.2.1 20191008  GMP version 6.1.2  MPFR version 4.0.2  MPC version 1.1.0  isl version isl-0.21-GMP]
  ignore line: []
  ignore line: [GGC heuristics: --param ggc-min-expand=100 --param ggc-min-heapsize=131072]
  ignore line: [ignoring nonexistent directory "/home/jonathon/hello/build/CMakeFiles/CMakeTmp/usr/local/include/x86_64-linux-gnu"]
  ignore line: [ignoring nonexistent directory "/home/jonathon/hello/build/CMakeFiles/CMakeTmp/usr/local/include"]
  ignore line: [ignoring nonexistent directory "/usr/lib/gcc/x86_64-linux-gnu/9/../../../../x86_64-linux-gnu/include"]
  ignore line: [ignoring nonexistent directory "/home/jonathon/hello/build/CMakeFiles/CMakeTmp/usr/include/x86_64-linux-gnu"]
  ignore line: [ignoring nonexistent directory "/home/jonathon/hello/build/CMakeFiles/CMakeTmp/usr/include"]
  ignore line: [#include "..." search starts here:]
  ignore line: [#include <...> search starts here:]
  ignore line: [ /usr/lib/gcc/x86_64-linux-gnu/9/include]
  ignore line: [ /usr/lib/gcc/x86_64-linux-gnu/9/include-fixed]
  ignore line: [End of search list.]
  ignore line: [GNU C17 (Ubuntu 9.2.1-9ubuntu2) version 9.2.1 20191008 (x86_64-linux-gnu)]
  ignore line: [	compiled by GNU C version 9.2.1 20191008  GMP version 6.1.2  MPFR version 4.0.2  MPC version 1.1.0  isl version isl-0.21-GMP]
  ignore line: []
  ignore line: [GGC heuristics: --param ggc-min-expand=100 --param ggc-min-heapsize=131072]
  ignore line: [Compiler executable checksum: dd54e5384b34908287640134d9f8a49c]
  ignore line: [COLLECT_GCC_OPTIONS='-v' '-c' '-o' 'CMakeFiles/cmTC_6b8c8.dir/CMakeCCompilerABI.c.obj' '-mtune=generic' '-march=x86-64']
  ignore line: [ as -v --64 -o CMakeFiles/cmTC_6b8c8.dir/CMakeCCompilerABI.c.obj /tmp/ccw668BI.s]
  ignore line: [GNU assembler version 2.33 (x86_64-linux-gnu) using BFD version (GNU Binutils for Ubuntu) 2.33]
  ignore line: [COMPILER_PATH=/usr/lib/gcc/x86_64-linux-gnu/9/:/usr/lib/gcc/x86_64-linux-gnu/9/:/usr/lib/gcc/x86_64-linux-gnu/:/usr/lib/gcc/x86_64-linux-gnu/9/:/usr/lib/gcc/x86_64-linux-gnu/]
  ignore line: [LIBRARY_PATH=/usr/lib/gcc/x86_64-linux-gnu/9/:/usr/lib/gcc/x86_64-linux-gnu/9/../../../x86_64-linux-gnu/:/usr/lib/gcc/x86_64-linux-gnu/9/../../../../lib/:/usr/lib/gcc/x86_64-linux-gnu/9/../../../]
  ignore line: [COLLECT_GCC_OPTIONS='-v' '-c' '-o' 'CMakeFiles/cmTC_6b8c8.dir/CMakeCCompilerABI.c.obj' '-mtune=generic' '-march=x86-64']
  ignore line: [[2/2] Linking C static library libcmTC_11600.a]
  ignore line: []
  ignore line: []
  implicit libs: []
  implicit dirs: []
  implicit fwks: []


Compiling the CXX compiler identification source file "CMakeCXXCompilerId.cpp" succeeded.
Compiler: /usr/bin/g++ 
Build flags: 
Id flags:  

The output was:
0


Compilation of the CXX compiler identification source "CMakeCXXCompilerId.cpp" produced "a.out"

The CXX compiler identification is GNU, found in "/home/jonathon/hello/build/CMakeFiles/3.16.1/CompilerIdCXX/a.out"

Determining if the CXX compiler works passed with the following output:
Change Dir: /home/jonathon/hello/build/CMakeFiles/CMakeTmp

Run Build Command(s):/usr/bin/ninja cmTC_fe0c4 && [1/2] Building CXX object CMakeFiles/cmTC_fe0c4.dir/testCXXCompiler.cxx.obj
[2/2] Linking CXX static library libcmTC_fe0c4.a



Detecting CXX compiler ABI info compiled with the following output:
Change Dir: /home/jonathon/hello/build/CMakeFiles/CMakeTmp

Run Build Command(s):/usr/bin/ninja cmTC_3c1b2 && [1/2] Building CXX object CMakeFiles/cmTC_3c1b2.dir/CMakeCXXCompilerABI.cpp.obj
Using built-in specs.
COLLECT_GCC=/usr/bin/g++
OFFLOAD_TARGET_NAMES=nvptx-none:hsa
OFFLOAD_TARGET_DEFAULT=1
Target: x86_64-linux-gnu
Configured with: ../src/configure -v --with-pkgversion='Ubuntu 9.2.1-9ubuntu2' --with-bugurl=file:///usr/share/doc/gcc-9/README.Bugs --enable-languages=c,ada,c++,go,brig,d,fortran,objc,obj-c++,gm2 --prefix=/usr --with-gcc-major-version-only --program-suffix=-9 --program-prefix=x86_64-linux-gnu- --enable-shared --enable-linker-build-id --libexecdir=/usr/lib --without-included-gettext --enable-threads=posix --libdir=/usr/lib --enable-nls --enable-bootstrap --enable-clocale=gnu --enable-libstdcxx-debug --enable-libstdcxx-time=yes --with-default-libstdcxx-abi=new --enable-gnu-unique-object --disable-vtable-verify --enable-plugin --enable-default-pie --with-system-zlib --with-target-system-zlib=auto --enable-multiarch --disable-werror --with-arch-32=i686 --with-abi=m64 --with-multilib-list=m32,m64,mx32 --enable-multilib --with-tune=generic --enable-offload-targets=nvptx-none,hsa --without-cuda-driver --enable-checking=release --build=x86_64-linux-gnu --host=x86_64-linux-gnu --target=x86_64-linux-gnu
Thread model: posix
gcc version 9.2.1 20191008 (Ubuntu 9.2.1-9ubuntu2) 
COLLECT_GCC_OPTIONS='-v' '-c' '-o' 'CMakeFiles/cmTC_e329d.dir/CMakeCXXCompilerABI.cpp.obj' '-shared-libgcc' '-mtune=generic' '-march=x86-64'
 /usr/lib/gcc/x86_64-linux-gnu/9/cc1plus -quiet -v -imultiarch x86_64-linux-gnu -isysroot /home/jonathon/hello/build/CMakeFiles/CMakeTmp -D_GNU_SOURCE /usr/local/share/cmake-3.16/Modules/CMakeCXXCompilerABI.cpp -quiet -dumpbase CMakeCXXCompilerABI.cpp -mtune=generic -march=x86-64 -auxbase-strip CMakeFiles/cmTC_e329d.dir/CMakeCXXCompilerABI.cpp.obj -version -fasynchronous-unwind-tables -fstack-protector-strong -Wformat -Wformat-security -fstack-clash-protection -fcf-protection -o /tmp/ccHUZarE.s
GNU C++14 (Ubuntu 9.2.1-9ubuntu2) version 9.2.1 20191008 (x86_64-linux-gnu)
	compiled by GNU C version 9.2.1 20191008, GMP version 6.1.2, MPFR version 4.0.2, MPC version 1.1.0, isl version isl-0.21-GMP

GGC heuristics: --param ggc-min-expand=100 --param ggc-min-heapsize=131072
ignoring duplicate directory "/usr/include/x86_64-linux-gnu/c++/9"
ignoring nonexistent directory "/home/jonathon/hello/build/CMakeFiles/CMakeTmp/usr/local/include/x86_64-linux-gnu"
ignoring nonexistent directory "/home/jonathon/hello/build/CMakeFiles/CMakeTmp/usr/local/include"
ignoring nonexistent directory "/usr/lib/gcc/x86_64-linux-gnu/9/../../../../x86_64-linux-gnu/include"
ignoring nonexistent directory "/home/jonathon/hello/build/CMakeFiles/CMakeTmp/usr/include/x86_64-linux-gnu"
ignoring nonexistent directory "/home/jonathon/hello/build/CMakeFiles/CMakeTmp/usr/include"
#include "..." search starts here:
#include <...> search starts here:
 /usr/include/c++/9
 /usr/include/x86_64-linux-gnu/c++/9
 /usr/include/c++/9/backward
 /usr/lib/gcc/x86_64-linux-gnu/9/include
 /usr/lib/gcc/x86_64-linux-gnu/9/include-fixed
End of search list.
GNU C++14 (Ubuntu 9.2.1-9ubuntu2) version 9.2.1 20191008 (x86_64-linux-gnu)
	compiled by GNU C version 9.2.1 20191008, GMP version 6.1.2, MPFR version 4.0.2, MPC version 1.1.0, isl version isl-0.21-GMP

GGC heuristics: --param ggc-min-expand=100 --param ggc-min-heapsize=131072
Compiler executable checksum: 0b9b8169e2ec34ea6760fe47bcd8139b
COLLECT_GCC_OPTIONS='-v' '-c' '-o' 'CMakeFiles/cmTC_e329d.dir/CMakeCXXCompilerABI.cpp.obj' '-shared-libgcc' '-mtune=generic' '-march=x86-64'
 as -v --64 -o CMakeFiles/cmTC_e329d.dir/CMakeCXXCompilerABI.cpp.obj /tmp/ccHUZarE.s
GNU assembler version 2.33 (x86_64-linux-gnu) using BFD version (GNU Binutils for Ubuntu) 2.33
COMPILER_PATH=/usr/lib/gcc/x86_64-linux-gnu/9/:/usr/lib/gcc/x86_64-linux-gnu/9/:/usr/lib/gcc/x86_64-linux-gnu/:/usr/lib/gcc/x86_64-linux-gnu/9/:/usr/lib/gcc/x86_64-linux-gnu/
LIBRARY_PATH=/usr/lib/gcc/x86_64-linux-gnu/9/:/usr/lib/gcc/x86_64-linux-gnu/9/../../../x86_64-linux-gnu/:/usr/lib/gcc/x86_64-linux-gnu/9/../../../../lib/:/usr/lib/gcc/x86_64-linux-gnu/9/../../../
COLLECT_GCC_OPTIONS='-v' '-c' '-o' 'CMakeFiles/cmTC_e329d.dir/CMakeCXXCompilerABI.cpp.obj' '-shared-libgcc' '-mtune=generic' '-march=x86-64'
[2/2] Linking CXX static library libcmTC_3c1b2.a



Parsed CXX implicit include dir info from above output: rv=done
  found start of include info
  found start of implicit include info
    add: [/usr/include/c++/9]
    add: [/usr/include/x86_64-linux-gnu/c++/9]
    add: [/usr/include/c++/9/backward]
    add: [/usr/lib/gcc/x86_64-linux-gnu/9/include]
    add: [/usr/lib/gcc/x86_64-linux-gnu/9/include-fixed]
  end of search list found
  collapse include dir [/usr/include/c++/9] ==> [/usr/include/c++/9]
  collapse include dir [/usr/include/x86_64-linux-gnu/c++/9] ==> [/usr/include/x86_64-linux-gnu/c++/9]
  collapse include dir [/usr/include/c++/9/backward] ==> [/usr/include/c++/9/backward]
  collapse include dir [/usr/lib/gcc/x86_64-linux-gnu/9/include] ==> [/usr/lib/gcc/x86_64-linux-gnu/9/include]
  collapse include dir [/usr/lib/gcc/x86_64-linux-gnu/9/include-fixed] ==> [/usr/lib/gcc/x86_64-linux-gnu/9/include-fixed]
  implicit include dirs: [/usr/include/c++/9;/usr/include/x86_64-linux-gnu/c++/9;/usr/include/c++/9/backward;/usr/lib/gcc/x86_64-linux-gnu/9/include;/usr/lib/gcc/x86_64-linux-gnu/9/include-fixed]


Parsed CXX implicit link information from above output:
  link line regex: [^( *|.*[/\])(ld|CMAKE_LINK_STARTFILE-NOTFOUND|([^/\]+-)?ld|collect2)[^/\]*( |$)]
  ignore line: [Change Dir: /home/jonathon/hello/build/CMakeFiles/CMakeTmp]
  ignore line: []
  ignore line: [Run Build Command(s):/usr/bin/ninja cmTC_3c1b2 && [1/2] Building CXX object CMakeFiles/cmTC_3c1b2.dir/CMakeCXXCompilerABI.cpp.obj]
  ignore line: [Using built-in specs.]
  ignore line: [COLLECT_GCC=/usr/bin/g++]
  ignore line: [OFFLOAD_TARGET_NAMES=nvptx-none:hsa]
  ignore line: [OFFLOAD_TARGET_DEFAULT=1]
  ignore line: [Target: x86_64-linux-gnu]
  ignore line: [Configured with: ../src/configure -v --with-pkgversion='Ubuntu 9.2.1-9ubuntu2' --with-bugurl=file:///usr/share/doc/gcc-9/README.Bugs --enable-languages=c ada c++ go brig d fortran objc obj-c++ gm2 --prefix=/usr --with-gcc-major-version-only --program-suffix=-9 --program-prefix=x86_64-linux-gnu- --enable-shared --enable-linker-build-id --libexecdir=/usr/lib --without-included-gettext --enable-threads=posix --libdir=/usr/lib --enable-nls --enable-bootstrap --enable-clocale=gnu --enable-libstdcxx-debug --enable-libstdcxx-time=yes --with-default-libstdcxx-abi=new --enable-gnu-unique-object --disable-vtable-verify --enable-plugin --enable-default-pie --with-system-zlib --with-target-system-zlib=auto --enable-multiarch --disable-werror --with-arch-32=i686 --with-abi=m64 --with-multilib-list=m32 m64 mx32 --enable-multilib --with-tune=generic --enable-offload-targets=nvptx-none hsa --without-cuda-driver --enable-checking=release --build=x86_64-linux-gnu --host=x86_64-linux-gnu --target=x86_64-linux-gnu]
  ignore line: [Thread model: posix]
  ignore line: [gcc version 9.2.1 20191008 (Ubuntu 9.2.1-9ubuntu2) ]
  ignore line: [COLLECT_GCC_OPTIONS='-v' '-c' '-o' 'CMakeFiles/cmTC_e329d.dir/CMakeCXXCompilerABI.cpp.obj' '-shared-libgcc' '-mtune=generic' '-march=x86-64']
  ignore line: [ /usr/lib/gcc/x86_64-linux-gnu/9/cc1plus -quiet -v -imultiarch x86_64-linux-gnu -isysroot /home/jonathon/hello/build/CMakeFiles/CMakeTmp -D_GNU_SOURCE /usr/local/share/cmake-3.16/Modules/CMakeCXXCompilerABI.cpp -quiet -dumpbase CMakeCXXCompilerABI.cpp -mtune=generic -march=x86-64 -auxbase-strip CMakeFiles/cmTC_e329d.dir/CMakeCXXCompilerABI.cpp.obj -version -fasynchronous-unwind-tables -fstack-protector-strong -Wformat -Wformat-security -fstack-clash-protection -fcf-protection -o /tmp/ccHUZarE.s]
  ignore line: [GNU C++14 (Ubuntu 9.2.1-9ubuntu2) version 9.2.1 20191008 (x86_64-linux-gnu)]
  ignore line: [	compiled by GNU C version 9.2.1 20191008  GMP version 6.1.2  MPFR version 4.0.2  MPC version 1.1.0  isl version isl-0.21-GMP]
  ignore line: []
  ignore line: [GGC heuristics: --param ggc-min-expand=100 --param ggc-min-heapsize=131072]
  ignore line: [ignoring duplicate directory "/usr/include/x86_64-linux-gnu/c++/9"]
  ignore line: [ignoring nonexistent directory "/home/jonathon/hello/build/CMakeFiles/CMakeTmp/usr/local/include/x86_64-linux-gnu"]
  ignore line: [ignoring nonexistent directory "/home/jonathon/hello/build/CMakeFiles/CMakeTmp/usr/local/include"]
  ignore line: [ignoring nonexistent directory "/usr/lib/gcc/x86_64-linux-gnu/9/../../../../x86_64-linux-gnu/include"]
  ignore line: [ignoring nonexistent directory "/home/jonathon/hello/build/CMakeFiles/CMakeTmp/usr/include/x86_64-linux-gnu"]
  ignore line: [ignoring nonexistent directory "/home/jonathon/hello/build/CMakeFiles/CMakeTmp/usr/include"]
  ignore line: [#include "..." search starts here:]
  ignore line: [#include <...> search starts here:]
  ignore line: [ /usr/include/c++/9]
  ignore line: [ /usr/include/x86_64-linux-gnu/c++/9]
  ignore line: [ /usr/include/c++/9/backward]
  ignore line: [ /usr/lib/gcc/x86_64-linux-gnu/9/include]
  ignore line: [ /usr/lib/gcc/x86_64-linux-gnu/9/include-fixed]
  ignore line: [End of search list.]
  ignore line: [GNU C++14 (Ubuntu 9.2.1-9ubuntu2) version 9.2.1 20191008 (x86_64-linux-gnu)]
  ignore line: [	compiled by GNU C version 9.2.1 20191008  GMP version 6.1.2  MPFR version 4.0.2  MPC version 1.1.0  isl version isl-0.21-GMP]
  ignore line: []
  ignore line: [GGC heuristics: --param ggc-min-expand=100 --param ggc-min-heapsize=131072]
  ignore line: [Compiler executable checksum: 0b9b8169e2ec34ea6760fe47bcd8139b]
  ignore line: [COLLECT_GCC_OPTIONS='-v' '-c' '-o' 'CMakeFiles/cmTC_e329d.dir/CMakeCXXCompilerABI.cpp.obj' '-shared-libgcc' '-mtune=generic' '-march=x86-64']
  ignore line: [ as -v --64 -o CMakeFiles/cmTC_e329d.dir/CMakeCXXCompilerABI.cpp.obj /tmp/ccHUZarE.s]
  ignore line: [GNU assembler version 2.33 (x86_64-linux-gnu) using BFD version (GNU Binutils for Ubuntu) 2.33]
  ignore line: [COMPILER_PATH=/usr/lib/gcc/x86_64-linux-gnu/9/:/usr/lib/gcc/x86_64-linux-gnu/9/:/usr/lib/gcc/x86_64-linux-gnu/:/usr/lib/gcc/x86_64-linux-gnu/9/:/usr/lib/gcc/x86_64-linux-gnu/]
  ignore line: [LIBRARY_PATH=/usr/lib/gcc/x86_64-linux-gnu/9/:/usr/lib/gcc/x86_64-linux-gnu/9/../../../x86_64-linux-gnu/:/usr/lib/gcc/x86_64-linux-gnu/9/../../../../lib/:/usr/lib/gcc/x86_64-linux-gnu/9/../../../]
  ignore line: [COLLECT_GCC_OPTIONS='-v' '-c' '-o' 'CMakeFiles/cmTC_e329d.dir/CMakeCXXCompilerABI.cpp.obj' '-shared-libgcc' '-mtune=generic' '-march=x86-64']
  ignore line: [[2/2] Linking CXX static library libcmTC_3c1b2.a]
  ignore line: []
  ignore line: []
  implicit libs: []
  implicit dirs: []
  implicit fwks: []


Checking whether the ASM compiler is GNU using "--version" matched "(GNU assembler)|(GCC)|(Free Software Foundation)":
gcc (Ubuntu 9.2.1-9ubuntu2) 9.2.1 20191008
Copyright (C) 2019 Free Software Foundation, Inc.
This is free software; see the source for copying conditions.  There is NO
warranty; not even for MERCHANTABILITY or FITNESS FOR A PARTICULAR PURPOSE.

